<?xml version='1.0' encoding='UTF-8'?>
<testsuite hostname="Andres-MacBook-Air.local" name="io.andrelucas.event.domain.entities.EventTest" tests="8" errors="0" failures="0" skipped="0" time="0.044" timestamp="2024-05-03T11:01:25">
          <properties>
[...]
</properties>
          <testcase classname="io.andrelucas.event.domain.entities.EventTest" name="should create an event" time="0.014">
                      
                    </testcase><testcase classname="io.andrelucas.event.domain.entities.EventTest" name="should sum total spots when a section is created" time="0.005">
                      
                    </testcase><testcase classname="io.andrelucas.event.domain.entities.EventTest" name="should sum total spots reserved when a section is created with spots reserved" time="0.0">
                      
                    </testcase><testcase classname="io.andrelucas.event.domain.entities.EventTest" name="should create an event section" time="0.009">
                      
                    </testcase><testcase classname="io.andrelucas.event.domain.entities.EventTest" name="should publish a section when an event is published" time="0.005">
                      
                    </testcase><testcase classname="io.andrelucas.event.domain.entities.EventTest" name="should unpublish a section when an event is unpublished" time="0.0">
                      
                    </testcase><testcase classname="io.andrelucas.event.domain.entities.EventTest" name="should publish all section when an event is published" time="0.009">
                      
                    </testcase><testcase classname="io.andrelucas.event.domain.entities.EventTest" name="should unpublish all section when an event is unpublished" time="0.002">
                      
                    </testcase>
          <system-out><![CDATA[]]></system-out>
          <system-err><![CDATA[]]></system-err>
        </testsuite>