<?xml version='1.0' encoding='UTF-8'?>
<testsuite hostname="Andres-MacBook-Air.local" name="io.andrelucas.event.application.EventServiceIntegrationTest" tests="4" errors="0" failures="2" skipped="0" time="0.06" timestamp="2024-05-03T20:20:18">
          <properties>
[...]
</properties>
          <testcase classname="io.andrelucas.event.application.EventServiceIntegrationTest" name="should return exception when is trying create a partner's a event without it is registered" time="0.024">
                      
                    </testcase><testcase classname="io.andrelucas.event.application.EventServiceIntegrationTest" name="should create a event when partner is registered" time="0.015">
                      <failure message="last of empty list" type="java.util.NoSuchElementException">java.util.NoSuchElementException: last of empty list
	at scala.collection.immutable.Nil$.last(List.scala:665)
	at scala.collection.immutable.Nil$.last(List.scala:661)
	at io.andrelucas.event.application.EventServiceIntegrationTest.testFun$proxy2$1$$anonfun$1$$anonfun$1(EventServiceIntegrationTest.scala:46)
	at scala.concurrent.impl.Promise$Transformation.run(Promise.scala:467)
	at org.scalatest.concurrent.SerialExecutionContext.recRunNow(SerialExecutionContext.scala:120)
	at org.scalatest.concurrent.SerialExecutionContext.runNow(SerialExecutionContext.scala:111)
	at org.scalatest.AsyncSuperEngine.runTestImpl(AsyncEngine.scala:377)
	at org.scalatest.flatspec.AsyncFlatSpecLike.runTest(AsyncFlatSpecLike.scala:1744)
	at org.scalatest.flatspec.AsyncFlatSpecLike.runTest$(AsyncFlatSpecLike.scala:50)
	at io.andrelucas.IntegrationSpec.org$scalatest$BeforeAndAfter$$super$runTest(IntegrationSpec.scala:10)
	at org.scalatest.BeforeAndAfter.runTest(BeforeAndAfter.scala:213)
	at org.scalatest.BeforeAndAfter.runTest$(BeforeAndAfter.scala:118)
	at io.andrelucas.IntegrationSpec.runTest(IntegrationSpec.scala:10)
	at org.scalatest.flatspec.AsyncFlatSpecLike.runTests$$anonfun$1(AsyncFlatSpecLike.scala:1802)
	at org.scalatest.AsyncSuperEngine.traverseSubNodes$1$$anonfun$1$$anonfun$2(AsyncEngine.scala:435)
	at org.scalatest.Status.thenRun$$anonfun$1(Status.scala:227)
	at scala.runtime.function.JProcedure1.apply(JProcedure1.java:15)
	at scala.runtime.function.JProcedure1.apply(JProcedure1.java:10)
	at org.scalatest.ScalaTestStatefulStatus.whenCompleted(Status.scala:648)
	at org.scalatest.Status.thenRun(Status.scala:251)
	at org.scalatest.Status.thenRun$(Status.scala:54)
	at org.scalatest.ScalaTestStatefulStatus.thenRun(Status.scala:511)
	at org.scalatest.AsyncSuperEngine.traverseSubNodes$1$$anonfun$1(AsyncEngine.scala:435)
	at scala.collection.LinearSeqOps.foldLeft(LinearSeq.scala:183)
	at scala.collection.LinearSeqOps.foldLeft$(LinearSeq.scala:179)
	at scala.collection.immutable.List.foldLeft(List.scala:79)
	at org.scalatest.AsyncSuperEngine.traverseSubNodes$1(AsyncEngine.scala:469)
	at org.scalatest.AsyncSuperEngine.runTestsInBranch(AsyncEngine.scala:487)
	at org.scalatest.AsyncSuperEngine.runTestsImpl(AsyncEngine.scala:555)
	at org.scalatest.flatspec.AsyncFlatSpecLike.runTests(AsyncFlatSpecLike.scala:1802)
	at org.scalatest.flatspec.AsyncFlatSpecLike.runTests$(AsyncFlatSpecLike.scala:50)
	at org.scalatest.flatspec.AsyncFlatSpec.runTests(AsyncFlatSpec.scala:2221)
	at org.scalatest.Suite.run(Suite.scala:1114)
	at org.scalatest.Suite.run$(Suite.scala:564)
	at org.scalatest.flatspec.AsyncFlatSpec.org$scalatest$flatspec$AsyncFlatSpecLike$$super$run(AsyncFlatSpec.scala:2221)
	at org.scalatest.flatspec.AsyncFlatSpecLike.run$$anonfun$1(AsyncFlatSpecLike.scala:1847)
	at org.scalatest.AsyncSuperEngine.runImpl(AsyncEngine.scala:625)
	at org.scalatest.flatspec.AsyncFlatSpecLike.run(AsyncFlatSpecLike.scala:1847)
	at org.scalatest.flatspec.AsyncFlatSpecLike.run$(AsyncFlatSpecLike.scala:50)
	at io.andrelucas.IntegrationSpec.org$scalatest$BeforeAndAfter$$super$run(IntegrationSpec.scala:10)
	at org.scalatest.BeforeAndAfter.run(BeforeAndAfter.scala:273)
	at org.scalatest.BeforeAndAfter.run$(BeforeAndAfter.scala:118)
	at io.andrelucas.IntegrationSpec.run(IntegrationSpec.scala:10)
	at org.scalatest.tools.Framework.org$scalatest$tools$Framework$$runSuite(Framework.scala:321)
	at org.scalatest.tools.Framework$ScalaTestTask.execute(Framework.scala:517)
	at sbt.TestRunner.runTest$1(TestFramework.scala:153)
	at sbt.TestRunner.run(TestFramework.scala:168)
	at sbt.TestFramework$$anon$3$$anonfun$$lessinit$greater$1.$anonfun$apply$1(TestFramework.scala:336)
	at sbt.TestFramework$.sbt$TestFramework$$withContextLoader(TestFramework.scala:296)
	at sbt.TestFramework$$anon$3$$anonfun$$lessinit$greater$1.apply(TestFramework.scala:336)
	at sbt.TestFramework$$anon$3$$anonfun$$lessinit$greater$1.apply(TestFramework.scala:336)
	at sbt.TestFunction.apply(TestFramework.scala:348)
	at sbt.Tests$.processRunnable$1(Tests.scala:475)
	at sbt.Tests$.$anonfun$makeSerial$1(Tests.scala:481)
	at sbt.std.Transform$$anon$3.$anonfun$apply$2(Transform.scala:47)
	at sbt.std.Transform$$anon$4.work(Transform.scala:69)
	at sbt.Execute.$anonfun$submit$2(Execute.scala:283)
	at sbt.internal.util.ErrorHandling$.wideConvert(ErrorHandling.scala:24)
	at sbt.Execute.work(Execute.scala:292)
	at sbt.Execute.$anonfun$submit$1(Execute.scala:283)
	at sbt.ConcurrentRestrictions$$anon$4.$anonfun$submitValid$1(ConcurrentRestrictions.scala:265)
	at sbt.CompletionService$$anon$2.call(CompletionService.scala:65)
	at java.base/java.util.concurrent.FutureTask.run(FutureTask.java:317)
	at java.base/java.util.concurrent.Executors$RunnableAdapter.call(Executors.java:572)
	at java.base/java.util.concurrent.FutureTask.run(FutureTask.java:317)
	at java.base/java.util.concurrent.ThreadPoolExecutor.runWorker(ThreadPoolExecutor.java:1144)
	at java.base/java.util.concurrent.ThreadPoolExecutor$Worker.run(ThreadPoolExecutor.java:642)
	at java.base/java.lang.Thread.run(Thread.java:1583)
</failure>
                    </testcase><testcase classname="io.andrelucas.event.application.EventServiceIntegrationTest" name="should create return a exception when try creating a section without its event not exists" time="0.01">
                      
                    </testcase><testcase classname="io.andrelucas.event.application.EventServiceIntegrationTest" name="should create a section when an event has been created" time="0.011">
                      <failure message="last of empty list" type="java.util.NoSuchElementException">java.util.NoSuchElementException: last of empty list
	at scala.collection.immutable.Nil$.last(List.scala:665)
	at scala.collection.immutable.Nil$.last(List.scala:661)
	at io.andrelucas.event.application.EventServiceIntegrationTest.$anonfun$2(EventServiceIntegrationTest.scala:74)
	at org.scalatest.concurrent.Futures$.whenReadyImpl(Futures.scala:605)
	at org.scalatest.concurrent.Futures$.workaroundWhenReadyImpl(Futures.scala:611)
	at io.andrelucas.event.application.EventServiceIntegrationTest.$anonfun$1(EventServiceIntegrationTest.scala:73)
	at org.scalatest.concurrent.Futures$.whenReadyImpl(Futures.scala:605)
	at org.scalatest.concurrent.Futures$.workaroundWhenReadyImpl(Futures.scala:611)
	at io.andrelucas.event.application.EventServiceIntegrationTest.testFun$proxy4$1(EventServiceIntegrationTest.scala:70)
	at io.andrelucas.event.application.EventServiceIntegrationTest.$init$$$anonfun$4(EventServiceIntegrationTest.scala:61)
	at org.scalatest.flatspec.AsyncFlatSpecLike.transformToOutcomeParam$1(AsyncFlatSpecLike.scala:147)
	at org.scalatest.flatspec.AsyncFlatSpecLike.registerTestToRun$$anonfun$1(AsyncFlatSpecLike.scala:153)
	at org.scalatest.AsyncTestSuite.transformToOutcome$$anonfun$1(AsyncTestSuite.scala:240)
	at org.scalatest.flatspec.AsyncFlatSpecLike$$anon$5.apply(AsyncFlatSpecLike.scala:1732)
	at org.scalatest.AsyncTestSuite.withFixture(AsyncTestSuite.scala:316)
	at org.scalatest.AsyncTestSuite.withFixture$(AsyncTestSuite.scala:214)
	at org.scalatest.flatspec.AsyncFlatSpec.withFixture(AsyncFlatSpec.scala:2221)
	at org.scalatest.flatspec.AsyncFlatSpecLike.invokeWithAsyncFixture$1(AsyncFlatSpecLike.scala:1738)
	at org.scalatest.flatspec.AsyncFlatSpecLike.runTest$$anonfun$1(AsyncFlatSpecLike.scala:1744)
	at org.scalatest.AsyncSuperEngine.runTestImpl(AsyncEngine.scala:374)
	at org.scalatest.flatspec.AsyncFlatSpecLike.runTest(AsyncFlatSpecLike.scala:1744)
	at org.scalatest.flatspec.AsyncFlatSpecLike.runTest$(AsyncFlatSpecLike.scala:50)
	at io.andrelucas.IntegrationSpec.org$scalatest$BeforeAndAfter$$super$runTest(IntegrationSpec.scala:10)
	at org.scalatest.BeforeAndAfter.runTest(BeforeAndAfter.scala:213)
	at org.scalatest.BeforeAndAfter.runTest$(BeforeAndAfter.scala:118)
	at io.andrelucas.IntegrationSpec.runTest(IntegrationSpec.scala:10)
	at org.scalatest.flatspec.AsyncFlatSpecLike.runTests$$anonfun$1(AsyncFlatSpecLike.scala:1802)
	at org.scalatest.AsyncSuperEngine.traverseSubNodes$1$$anonfun$1$$anonfun$2(AsyncEngine.scala:435)
	at org.scalatest.Status.thenRun$$anonfun$1(Status.scala:227)
	at scala.runtime.function.JProcedure1.apply(JProcedure1.java:15)
	at scala.runtime.function.JProcedure1.apply(JProcedure1.java:10)
	at org.scalatest.ScalaTestStatefulStatus.whenCompleted(Status.scala:648)
	at org.scalatest.Status.thenRun(Status.scala:251)
	at org.scalatest.Status.thenRun$(Status.scala:54)
	at org.scalatest.ScalaTestStatefulStatus.thenRun(Status.scala:511)
	at org.scalatest.AsyncSuperEngine.traverseSubNodes$1$$anonfun$1(AsyncEngine.scala:435)
	at scala.collection.LinearSeqOps.foldLeft(LinearSeq.scala:183)
	at scala.collection.LinearSeqOps.foldLeft$(LinearSeq.scala:179)
	at scala.collection.immutable.List.foldLeft(List.scala:79)
	at org.scalatest.AsyncSuperEngine.traverseSubNodes$1(AsyncEngine.scala:469)
	at org.scalatest.AsyncSuperEngine.runTestsInBranch(AsyncEngine.scala:487)
	at org.scalatest.AsyncSuperEngine.runTestsImpl(AsyncEngine.scala:555)
	at org.scalatest.flatspec.AsyncFlatSpecLike.runTests(AsyncFlatSpecLike.scala:1802)
	at org.scalatest.flatspec.AsyncFlatSpecLike.runTests$(AsyncFlatSpecLike.scala:50)
	at org.scalatest.flatspec.AsyncFlatSpec.runTests(AsyncFlatSpec.scala:2221)
	at org.scalatest.Suite.run(Suite.scala:1114)
	at org.scalatest.Suite.run$(Suite.scala:564)
	at org.scalatest.flatspec.AsyncFlatSpec.org$scalatest$flatspec$AsyncFlatSpecLike$$super$run(AsyncFlatSpec.scala:2221)
	at org.scalatest.flatspec.AsyncFlatSpecLike.run$$anonfun$1(AsyncFlatSpecLike.scala:1847)
	at org.scalatest.AsyncSuperEngine.runImpl(AsyncEngine.scala:625)
	at org.scalatest.flatspec.AsyncFlatSpecLike.run(AsyncFlatSpecLike.scala:1847)
	at org.scalatest.flatspec.AsyncFlatSpecLike.run$(AsyncFlatSpecLike.scala:50)
	at io.andrelucas.IntegrationSpec.org$scalatest$BeforeAndAfter$$super$run(IntegrationSpec.scala:10)
	at org.scalatest.BeforeAndAfter.run(BeforeAndAfter.scala:273)
	at org.scalatest.BeforeAndAfter.run$(BeforeAndAfter.scala:118)
	at io.andrelucas.IntegrationSpec.run(IntegrationSpec.scala:10)
	at org.scalatest.tools.Framework.org$scalatest$tools$Framework$$runSuite(Framework.scala:321)
	at org.scalatest.tools.Framework$ScalaTestTask.execute(Framework.scala:517)
	at sbt.TestRunner.runTest$1(TestFramework.scala:153)
	at sbt.TestRunner.run(TestFramework.scala:168)
	at sbt.TestFramework$$anon$3$$anonfun$$lessinit$greater$1.$anonfun$apply$1(TestFramework.scala:336)
	at sbt.TestFramework$.sbt$TestFramework$$withContextLoader(TestFramework.scala:296)
	at sbt.TestFramework$$anon$3$$anonfun$$lessinit$greater$1.apply(TestFramework.scala:336)
	at sbt.TestFramework$$anon$3$$anonfun$$lessinit$greater$1.apply(TestFramework.scala:336)
	at sbt.TestFunction.apply(TestFramework.scala:348)
	at sbt.Tests$.processRunnable$1(Tests.scala:475)
	at sbt.Tests$.$anonfun$makeSerial$1(Tests.scala:481)
	at sbt.std.Transform$$anon$3.$anonfun$apply$2(Transform.scala:47)
	at sbt.std.Transform$$anon$4.work(Transform.scala:69)
	at sbt.Execute.$anonfun$submit$2(Execute.scala:283)
	at sbt.internal.util.ErrorHandling$.wideConvert(ErrorHandling.scala:24)
	at sbt.Execute.work(Execute.scala:292)
	at sbt.Execute.$anonfun$submit$1(Execute.scala:283)
	at sbt.ConcurrentRestrictions$$anon$4.$anonfun$submitValid$1(ConcurrentRestrictions.scala:265)
	at sbt.CompletionService$$anon$2.call(CompletionService.scala:65)
	at java.base/java.util.concurrent.FutureTask.run(FutureTask.java:317)
	at java.base/java.util.concurrent.Executors$RunnableAdapter.call(Executors.java:572)
	at java.base/java.util.concurrent.FutureTask.run(FutureTask.java:317)
	at java.base/java.util.concurrent.ThreadPoolExecutor.runWorker(ThreadPoolExecutor.java:1144)
	at java.base/java.util.concurrent.ThreadPoolExecutor$Worker.run(ThreadPoolExecutor.java:642)
	at java.base/java.lang.Thread.run(Thread.java:1583)
</failure>
                    </testcase>
          <system-out><![CDATA[]]></system-out>
          <system-err><![CDATA[]]></system-err>
        </testsuite>