[0m[[0m[0mdebug[0m] [0m[0mRunning TaskDef(io.andrelucas.event.domain.entities.EventTest, org.scalatest.tools.Framework$$anon$1@4269a2af, false, [SuiteSelector])[0m
[0m[[0m[0minfo[0m] [0m[0m[32mEventTest:[0m[0m
[0m[[0m[0minfo[0m] [0m[0m[32m- should create an event[0m[0m
[0m[[0m[0minfo[0m] [0m[0m[32m- should sum total spots when a section is created[0m[0m
[0m[[0m[0minfo[0m] [0m[0m[32m- should sum total spots reserved when a section is created with spots reserved[0m[0m
[0m[[0m[0minfo[0m] [0m[0m[32m- should create an event section[0m[0m
[0m[[0m[0minfo[0m] [0m[0m[32m- should publish a section when an event is published[0m[0m
[0m[[0m[0minfo[0m] [0m[0m[32m- should unpublish a section when an event is unpublished[0m[0m
[0m[[0m[0minfo[0m] [0m[0m[32m- should publish all section when an event is published[0m[0m
[0m[[0m[0minfo[0m] [0m[0m[32m- should unpublish all section when an event is unpublished[0m[0m
[0m[[0m[0mdebug[0m] [0m[0mRunning TaskDef(io.andrelucas.event.domain.entities.PartnerTest, org.scalatest.tools.Framework$$anon$1@4269a2af, false, [SuiteSelector])[0m
[0m[[0m[0minfo[0m] [0m[0m[32mPartnerTest:[0m[0m
[0m[[0m[0minfo[0m] [0m[0m[32m- should create an event[0m[0m
[0m[[0m[0minfo[0m] [0m[0m[32m- should publish an event[0m[0m
[0m[[0m[0minfo[0m] [0m[0m[32m- should unpublish an event[0m[0m
[0m[[0m[0mdebug[0m] [0m[0mRunning TaskDef(io.andrelucas.event.application.PartnerServiceIntegrationTest, org.scalatest.tools.Framework$$anon$1@4269a2af, false, [SuiteSelector])[0m
[0m[[0m[0minfo[0m] [0m[0m[32mPartnerServiceIntegrationTest:[0m[0m
[0m[[0m[0mdebug[0m] [0m[0mRunning TaskDef(io.andrelucas.common.domain.valueobjects.EmailTest, org.scalatest.tools.Framework$$anon$1@4269a2af, false, [SuiteSelector])[0m
[0m[[0m[0minfo[0m] [0m[0m[32mEmailTest:[0m[0m
[0m[[0m[0minfo[0m] [0m[0m[32m- should throw exception when email not is valid[0m[0m
[0m[[0m[0minfo[0m] [0m[0m[32m- should return a email when is valid[0m[0m
[0m[[0m[0mdebug[0m] [0m[0mRunning TaskDef(io.andrelucas.event.application.AsyncTest, CustomFingerprint{suite='munit.Suite'}, false, [SuiteSelector])[0m
[0m[[0m[0mdebug[0m] [0m[0mRunning TaskDef(io.andrelucas.event.application.EventServiceIntegrationTest, org.scalatest.tools.Framework$$anon$1@4269a2af, false, [SuiteSelector])[0m
[0m[[0m[0minfo[0m] [0m[0m[32mEventServiceIntegrationTest:[0m[0m
[0m[[0m[0minfo[0m] [0m[0m[32m- should return exception when is trying create a partner's a event without it is registered[0m[0m
[0m[[0m[0minfo[0m] [0m[0m[31m- should create a event when partner is registered *** FAILED ***[0m[0m
[0m[[0m[0minfo[0m] [0m[0m[31m  java.util.NoSuchElementException: last of empty list[0m[0m
[0m[[0m[0minfo[0m] [0m[0m[31m  at scala.collection.immutable.Nil$.last(List.scala:665)[0m[0m
[0m[[0m[0minfo[0m] [0m[0m[31m  at scala.collection.immutable.Nil$.last(List.scala:661)[0m[0m
[0m[[0m[0minfo[0m] [0m[0m[31m  at io.andrelucas.event.application.EventServiceIntegrationTest.testFun$proxy2$1$$anonfun$1$$anonfun$1(EventServiceIntegrationTest.scala:46)[0m[0m
[0m[[0m[0minfo[0m] [0m[0m[31m  at scala.concurrent.impl.Promise$Transformation.run(Promise.scala:467)[0m[0m
[0m[[0m[0minfo[0m] [0m[0m[31m  at org.scalatest.concurrent.SerialExecutionContext.recRunNow(SerialExecutionContext.scala:120)[0m[0m
[0m[[0m[0minfo[0m] [0m[0m[31m  at org.scalatest.concurrent.SerialExecutionContext.runNow(SerialExecutionContext.scala:111)[0m[0m
[0m[[0m[0minfo[0m] [0m[0m[31m  at org.scalatest.AsyncSuperEngine.runTestImpl(AsyncEngine.scala:377)[0m[0m
[0m[[0m[0minfo[0m] [0m[0m[31m  at org.scalatest.flatspec.AsyncFlatSpecLike.runTest(AsyncFlatSpecLike.scala:1744)[0m[0m
[0m[[0m[0minfo[0m] [0m[0m[31m  at org.scalatest.flatspec.AsyncFlatSpecLike.runTest$(AsyncFlatSpecLike.scala:50)[0m[0m
[0m[[0m[0minfo[0m] [0m[0m[31m  at io.andrelucas.IntegrationSpec.org$scalatest$BeforeAndAfter$$super$runTest(IntegrationSpec.scala:10)[0m[0m
[0m[[0m[0minfo[0m] [0m[0m[31m  ...[0m[0m
[0m[[0m[0minfo[0m] [0m[0m[32m- should create return a exception when try creating a section without its event not exists[0m[0m
[0m[[0m[0minfo[0m] [0m[0m[31m- should create a section when an event has been created *** FAILED ***[0m[0m
[0m[[0m[0minfo[0m] [0m[0m[31m  java.util.NoSuchElementException: last of empty list[0m[0m
[0m[[0m[0minfo[0m] [0m[0m[31m  at scala.collection.immutable.Nil$.last(List.scala:665)[0m[0m
[0m[[0m[0minfo[0m] [0m[0m[31m  at scala.collection.immutable.Nil$.last(List.scala:661)[0m[0m
[0m[[0m[0minfo[0m] [0m[0m[31m  at io.andrelucas.event.application.EventServiceIntegrationTest.$anonfun$2(EventServiceIntegrationTest.scala:74)[0m[0m
[0m[[0m[0minfo[0m] [0m[0m[31m  at org.scalatest.concurrent.Futures$.whenReadyImpl(Futures.scala:605)[0m[0m
[0m[[0m[0minfo[0m] [0m[0m[31m  at org.scalatest.concurrent.Futures$.workaroundWhenReadyImpl(Futures.scala:611)[0m[0m
[0m[[0m[0minfo[0m] [0m[0m[31m  at io.andrelucas.event.application.EventServiceIntegrationTest.$anonfun$1(EventServiceIntegrationTest.scala:73)[0m[0m
[0m[[0m[0minfo[0m] [0m[0m[31m  at org.scalatest.concurrent.Futures$.whenReadyImpl(Futures.scala:605)[0m[0m
[0m[[0m[0minfo[0m] [0m[0m[31m  at org.scalatest.concurrent.Futures$.workaroundWhenReadyImpl(Futures.scala:611)[0m[0m
[0m[[0m[0minfo[0m] [0m[0m[31m  at io.andrelucas.event.application.EventServiceIntegrationTest.testFun$proxy4$1(EventServiceIntegrationTest.scala:70)[0m[0m
[0m[[0m[0minfo[0m] [0m[0m[31m  at io.andrelucas.event.application.EventServiceIntegrationTest.$init$$$anonfun$4(EventServiceIntegrationTest.scala:61)[0m[0m
[0m[[0m[0minfo[0m] [0m[0m[31m  ...[0m[0m
[0m[[0m[0mdebug[0m] [0m[0mRunning TaskDef(io.andrelucas.event.domain.entities.CustomerSpecTest, org.scalatest.tools.Framework$$anon$1@4269a2af, false, [SuiteSelector])[0m
[0m[[0m[0minfo[0m] [0m[0m[32mCustomerSpecTest:[0m[0m
[0m[[0m[0minfo[0m] [0m[0m[32m- should create a new customer[0m[0m
[0m[[0m[0minfo[0m] [0m[0m[32m- should change name[0m[0m
[0m[[0m[0minfo[0m] [0m[0m[32m- should change email[0m[0m
[0m[[0m[0minfo[0m] [0m[0m[32m- should throw exception when nationality doesn't exist[0m[0m
[0m[[0m[0minfo[0m] [0m[0mScalaTest[0m
[0m[[0m[0minfo[0m] [0m[0m[36mRun completed in 1 second, 827 milliseconds.[0m[0m
[0m[[0m[0minfo[0m] [0m[0m[36mTotal number of tests run: 21[0m[0m
[0m[[0m[0minfo[0m] [0m[0m[36mSuites: completed 6, aborted 0[0m[0m
[0m[[0m[0minfo[0m] [0m[0m[36mTests: succeeded 19, failed 2, canceled 0, ignored 0, pending 0[0m[0m
[0m[[0m[0minfo[0m] [0m[0m[31m*** 2 TESTS FAILED ***[0m[0m
[0m[[0m[0mdebug[0m] [0m[0mSummary for munit not available.[0m
[0m[[0m[31merror[0m] [0m[0mFailed: Total 22, Failed 2, Errors 0, Passed 20[0m
[0m[[0m[0mdebug[0m] [0m[0mPassed tests:[0m
[0m[[0m[0mdebug[0m] [0m[0m	io.andrelucas.event.domain.entities.EventTest[0m
[0m[[0m[0mdebug[0m] [0m[0m	io.andrelucas.event.domain.entities.PartnerTest[0m
[0m[[0m[0mdebug[0m] [0m[0m	io.andrelucas.event.application.PartnerServiceIntegrationTest[0m
[0m[[0m[0mdebug[0m] [0m[0m	io.andrelucas.common.domain.valueobjects.EmailTest[0m
[0m[[0m[0mdebug[0m] [0m[0m	io.andrelucas.event.application.AsyncTest[0m
[0m[[0m[0mdebug[0m] [0m[0m	io.andrelucas.event.domain.entities.CustomerSpecTest[0m
[0m[[0m[31merror[0m] [0m[0mFailed tests:[0m
[0m[[0m[31merror[0m] [0m[0m	io.andrelucas.event.application.EventServiceIntegrationTest[0m
[0m[[0m[31merror[0m] [0m[0m(Test / [31mtest[0m) sbt.TestsFailedException: Tests unsuccessful[0m
